生成启动时间为 3/16/2022 3:46:34 PM。
     1>项目“E:\work\workspace\Visual Studio\UVCopencvdirectshowDrawImage\UVCopencvdirectshowDrawImage\UVCopencvdirectshowDrawImage.vcxproj”在节点 2 上(Rebuild 个目标)。
     1>ClCompile:
         D:\work software\Microsoft Visual Studio 12.0\VC\bin\x86_amd64\CL.exe /c /Zi /nologo /W3 /WX- /O2 /Oi /GL /D WIN32 /D NDEBUG /D _WINDOWS /D _UNICODE /D UNICODE /Gm- /EHsc /MD /GS /Gy /fp:precise /Zc:wchar_t /Zc:forScope /Yc"stdafx.h" /Fp"x64\Release\UVCopencvdirectshowDrawImage.pch" /Fo"x64\Release\\" /Fd"x64\Release\vc120.pdb" /Gd /TP /errorReport:prompt stdafx.cpp
         stdafx.cpp
         D:\work software\Microsoft Visual Studio 12.0\VC\bin\x86_amd64\CL.exe /c /Zi /nologo /W3 /WX- /O2 /Oi /GL /D WIN32 /D NDEBUG /D _WINDOWS /D _UNICODE /D UNICODE /Gm- /EHsc /MD /GS /Gy /fp:precise /Zc:wchar_t /Zc:forScope /Yu"stdafx.h" /Fp"x64\Release\UVCopencvdirectshowDrawImage.pch" /Fo"x64\Release\\" /Fd"x64\Release\vc120.pdb" /Gd /TP /errorReport:prompt CameraDS.cpp CRC16Calc.cpp UVCopencvdirectshowDrawImage.cpp
         CameraDS.cpp
         CRC16Calc.cpp
         UVCopencvdirectshowDrawImage.cpp
     1>UVCopencvdirectshowDrawImage.cpp(345): warning C4244: “=”: 从“double”转换到“int”，可能丢失数据
     1>UVCopencvdirectshowDrawImage.cpp(451): warning C4244: “=”: 从“double”转换到“int”，可能丢失数据
       ResourceCompile:
         C:\Program Files (x86)\Windows Kits\8.1\bin\x86\rc.exe /D _UNICODE /D UNICODE /l"0x0409" /nologo /fo"x64\Release\UVCopencvdirectshowDrawImage.res" UVCopencvdirectshowDrawImage.rc 
       Link:
         D:\work software\Microsoft Visual Studio 12.0\VC\bin\x86_amd64\link.exe /ERRORREPORT:PROMPT /OUT:"E:\work\workspace\Visual Studio\UVCopencvdirectshowDrawImage\x64\Release\UVCopencvdirectshowDrawImage.exe" /INCREMENTAL:NO /NOLOGO kernel32.lib user32.lib gdi32.lib winspool.lib comdlg32.lib advapi32.lib shell32.lib ole32.lib oleaut32.lib uuid.lib odbc32.lib odbccp32.lib opencv_ml2413.lib opencv_calib3d2413.lib opencv_contrib2413.lib opencv_core2413.lib opencv_features2d2413.lib opencv_flann2413.lib opencv_gpu2413.lib opencv_highgui2413.lib opencv_imgproc2413.lib opencv_legacy2413.lib opencv_objdetect2413.lib opencv_ts2413.lib opencv_video2413.lib opencv_nonfree2413.lib opencv_ocl2413.lib opencv_photo2413.lib opencv_stitching2413.lib opencv_superres2413.lib opencv_videostab2413.lib strmiids.lib kernel32.lib user32.lib gdi32.lib winspool.lib comdlg32.lib advapi32.lib shell32.lib ole32.lib oleaut32.lib uuid.lib odbc32.lib odbccp32.lib /MANIFEST /MANIFESTUAC:"level='asInvoker' uiAccess='false'" /manifest:embed /DEBUG /PDB:"E:\work\workspace\Visual Studio\UVCopencvdirectshowDrawImage\x64\Release\UVCopencvdirectshowDrawImage.pdb" /SUBSYSTEM:WINDOWS /OPT:REF /OPT:ICF /LTCG /TLBID:1 /DYNAMICBASE /NXCOMPAT /IMPLIB:"E:\work\workspace\Visual Studio\UVCopencvdirectshowDrawImage\x64\Release\UVCopencvdirectshowDrawImage.lib" /MACHINE:X64 x64\Release\UVCopencvdirectshowDrawImage.res
         x64\Release\CameraDS.obj
         x64\Release\CRC16Calc.obj
         x64\Release\stdafx.obj
         x64\Release\UVCopencvdirectshowDrawImage.obj
         正在生成代码
         已完成代码的生成
         UVCopencvdirectshowDrawImage.vcxproj -> E:\work\workspace\Visual Studio\UVCopencvdirectshowDrawImage\x64\Release\UVCopencvdirectshowDrawImage.exe
     1>已完成生成项目“E:\work\workspace\Visual Studio\UVCopencvdirectshowDrawImage\UVCopencvdirectshowDrawImage\UVCopencvdirectshowDrawImage.vcxproj”(Rebuild 个目标)的操作。

生成成功。

已用时间 00:00:03.52
